<?xml version="1.0" encoding="UTF-8"?>
<testsuite xmlns:xsi="http://www.w3.org/2001/XMLSchema-instance" xsi:noNamespaceSchemaLocation="https://maven.apache.org/surefire/maven-failsafe-plugin/xsd/failsafe-test-report.xsd" name="SmokeTestsRunner" time="19.257" tests="6" errors="0" skipped="0" failures="0">
  <properties>
    <property name="gopherProxySet" value="false"/>
    <property name="awt.toolkit" value="sun.lwawt.macosx.LWCToolkit"/>
    <property name="file.encoding.pkg" value="sun.io"/>
    <property name="java.specification.version" value="1.8"/>
    <property name="sun.cpu.isalist" value=""/>
    <property name="sun.jnu.encoding" value="UTF-8"/>
    <property name="java.class.path" value="/Users/devxschool/UiApiFramework/target/test-classes:/Users/devxschool/UiApiFramework/target/selenium-framework-1.0.0.jar:/Users/devxschool/.m2/repository/org/seleniumhq/selenium/selenium-java/3.141.59/selenium-java-3.141.59.jar:/Users/devxschool/.m2/repository/org/seleniumhq/selenium/selenium-api/3.141.59/selenium-api-3.141.59.jar:/Users/devxschool/.m2/repository/org/seleniumhq/selenium/selenium-chrome-driver/3.141.59/selenium-chrome-driver-3.141.59.jar:/Users/devxschool/.m2/repository/org/seleniumhq/selenium/selenium-edge-driver/3.141.59/selenium-edge-driver-3.141.59.jar:/Users/devxschool/.m2/repository/org/seleniumhq/selenium/selenium-firefox-driver/3.141.59/selenium-firefox-driver-3.141.59.jar:/Users/devxschool/.m2/repository/org/seleniumhq/selenium/selenium-ie-driver/3.141.59/selenium-ie-driver-3.141.59.jar:/Users/devxschool/.m2/repository/org/seleniumhq/selenium/selenium-opera-driver/3.141.59/selenium-opera-driver-3.141.59.jar:/Users/devxschool/.m2/repository/org/seleniumhq/selenium/selenium-remote-driver/3.141.59/selenium-remote-driver-3.141.59.jar:/Users/devxschool/.m2/repository/org/seleniumhq/selenium/selenium-safari-driver/3.141.59/selenium-safari-driver-3.141.59.jar:/Users/devxschool/.m2/repository/org/seleniumhq/selenium/selenium-support/3.141.59/selenium-support-3.141.59.jar:/Users/devxschool/.m2/repository/net/bytebuddy/byte-buddy/1.8.15/byte-buddy-1.8.15.jar:/Users/devxschool/.m2/repository/org/apache/commons/commons-exec/1.3/commons-exec-1.3.jar:/Users/devxschool/.m2/repository/com/google/guava/guava/25.0-jre/guava-25.0-jre.jar:/Users/devxschool/.m2/repository/com/google/code/findbugs/jsr305/1.3.9/jsr305-1.3.9.jar:/Users/devxschool/.m2/repository/org/checkerframework/checker-compat-qual/2.0.0/checker-compat-qual-2.0.0.jar:/Users/devxschool/.m2/repository/com/google/errorprone/error_prone_annotations/2.1.3/error_prone_annotations-2.1.3.jar:/Users/devxschool/.m2/repository/com/google/j2objc/j2objc-annotations/1.1/j2objc-annotations-1.1.jar:/Users/devxschool/.m2/repository/org/codehaus/mojo/animal-sniffer-annotations/1.14/animal-sniffer-annotations-1.14.jar:/Users/devxschool/.m2/repository/com/squareup/okhttp3/okhttp/3.11.0/okhttp-3.11.0.jar:/Users/devxschool/.m2/repository/com/squareup/okio/okio/1.14.0/okio-1.14.0.jar:/Users/devxschool/.m2/repository/io/github/bonigarcia/webdrivermanager/3.7.1/webdrivermanager-3.7.1.jar:/Users/devxschool/.m2/repository/org/slf4j/slf4j-api/1.7.25/slf4j-api-1.7.25.jar:/Users/devxschool/.m2/repository/commons-io/commons-io/2.6/commons-io-2.6.jar:/Users/devxschool/.m2/repository/org/apache/commons/commons-lang3/3.8.1/commons-lang3-3.8.1.jar:/Users/devxschool/.m2/repository/org/apache/httpcomponents/httpclient/4.5.6/httpclient-4.5.6.jar:/Users/devxschool/.m2/repository/org/apache/httpcomponents/httpcore/4.4.10/httpcore-4.4.10.jar:/Users/devxschool/.m2/repository/commons-logging/commons-logging/1.2/commons-logging-1.2.jar:/Users/devxschool/.m2/repository/commons-codec/commons-codec/1.10/commons-codec-1.10.jar:/Users/devxschool/.m2/repository/org/rauschig/jarchivelib/1.0.0/jarchivelib-1.0.0.jar:/Users/devxschool/.m2/repository/org/apache/commons/commons-compress/1.18/commons-compress-1.18.jar:/Users/devxschool/.m2/repository/org/jsoup/jsoup/1.11.3/jsoup-1.11.3.jar:/Users/devxschool/.m2/repository/junit/junit/4.12/junit-4.12.jar:/Users/devxschool/.m2/repository/org/hamcrest/hamcrest-core/1.3/hamcrest-core-1.3.jar:/Users/devxschool/.m2/repository/com/github/javafaker/javafaker/1.0.1/javafaker-1.0.1.jar:/Users/devxschool/.m2/repository/org/yaml/snakeyaml/1.23/snakeyaml-1.23-android.jar:/Users/devxschool/.m2/repository/com/github/mifmif/generex/1.0.2/generex-1.0.2.jar:/Users/devxschool/.m2/repository/dk/brics/automaton/automaton/1.11-8/automaton-1.11-8.jar:/Users/devxschool/.m2/repository/info/cukes/cucumber-java/1.2.5/cucumber-java-1.2.5.jar:/Users/devxschool/.m2/repository/info/cukes/cucumber-junit/1.2.5/cucumber-junit-1.2.5.jar:/Users/devxschool/.m2/repository/info/cukes/cucumber-core/1.2.5/cucumber-core-1.2.5.jar:/Users/devxschool/.m2/repository/info/cukes/cucumber-html/0.2.3/cucumber-html-0.2.3.jar:/Users/devxschool/.m2/repository/info/cukes/cucumber-jvm-deps/1.0.5/cucumber-jvm-deps-1.0.5.jar:/Users/devxschool/.m2/repository/info/cukes/gherkin/2.12.2/gherkin-2.12.2.jar:/Users/devxschool/.m2/repository/io/rest-assured/rest-assured/3.3.0/rest-assured-3.3.0.jar:/Users/devxschool/.m2/repository/org/codehaus/groovy/groovy/2.4.15/groovy-2.4.15.jar:/Users/devxschool/.m2/repository/org/codehaus/groovy/groovy-xml/2.4.15/groovy-xml-2.4.15.jar:/Users/devxschool/.m2/repository/org/apache/httpcomponents/httpmime/4.5.3/httpmime-4.5.3.jar:/Users/devxschool/.m2/repository/org/hamcrest/hamcrest-library/1.3/hamcrest-library-1.3.jar:/Users/devxschool/.m2/repository/org/ccil/cowan/tagsoup/tagsoup/1.2.1/tagsoup-1.2.1.jar:/Users/devxschool/.m2/repository/io/rest-assured/json-path/3.3.0/json-path-3.3.0.jar:/Users/devxschool/.m2/repository/org/codehaus/groovy/groovy-json/2.4.15/groovy-json-2.4.15.jar:/Users/devxschool/.m2/repository/io/rest-assured/rest-assured-common/3.3.0/rest-assured-common-3.3.0.jar:/Users/devxschool/.m2/repository/io/rest-assured/xml-path/3.3.0/xml-path-3.3.0.jar:/Users/devxschool/.m2/repository/javax/xml/bind/jaxb-api/2.2.12/jaxb-api-2.2.12.jar:/Users/devxschool/.m2/repository/com/sun/xml/bind/jaxb-osgi/2.2.10/jaxb-osgi-2.2.10.jar:/Users/devxschool/.m2/repository/org/apache/sling/org.apache.sling.javax.activation/0.1.0/org.apache.sling.javax.activation-0.1.0.jar:/Users/devxschool/.m2/repository/javax/activation/activation/1.1.1/activation-1.1.1.jar:/Users/devxschool/.m2/repository/com/google/code/gson/gson/2.8.5/gson-2.8.5.jar:/Users/devxschool/.m2/repository/com/fasterxml/jackson/core/jackson-databind/2.10.1/jackson-databind-2.10.1.jar:/Users/devxschool/.m2/repository/com/fasterxml/jackson/core/jackson-annotations/2.10.1/jackson-annotations-2.10.1.jar:/Users/devxschool/.m2/repository/com/fasterxml/jackson/core/jackson-core/2.10.1/jackson-core-2.10.1.jar:/Users/devxschool/.m2/repository/org/apache/logging/log4j/log4j-api/2.13.0/log4j-api-2.13.0.jar:/Users/devxschool/.m2/repository/org/apache/logging/log4j/log4j-core/2.13.0/log4j-core-2.13.0.jar:"/>
    <property name="java.vm.vendor" value="Oracle Corporation"/>
    <property name="sun.arch.data.model" value="64"/>
    <property name="java.vendor.url" value="http://java.oracle.com/"/>
    <property name="user.timezone" value=""/>
    <property name="java.vm.specification.version" value="1.8"/>
    <property name="os.name" value="Mac OS X"/>
    <property name="user.country" value="US"/>
    <property name="sun.java.launcher" value="SUN_STANDARD"/>
    <property name="sun.boot.library.path" value="/Library/Java/JavaVirtualMachines/jdk1.8.0_221.jdk/Contents/Home/jre/lib"/>
    <property name="sun.java.command" value="/Users/devxschool/UiApiFramework/target/surefire/surefirebooter6218959181532293011.jar /Users/devxschool/UiApiFramework/target/surefire 2020-02-23T16-45-49_562-jvmRun1 surefire6213692230333302397tmp surefire_08232828250014150599tmp"/>
    <property name="http.nonProxyHosts" value="local|*.local|169.254/16|*.169.254/16"/>
    <property name="surefire.test.class.path" value="/Users/devxschool/UiApiFramework/target/test-classes:/Users/devxschool/UiApiFramework/target/selenium-framework-1.0.0.jar:/Users/devxschool/.m2/repository/org/seleniumhq/selenium/selenium-java/3.141.59/selenium-java-3.141.59.jar:/Users/devxschool/.m2/repository/org/seleniumhq/selenium/selenium-api/3.141.59/selenium-api-3.141.59.jar:/Users/devxschool/.m2/repository/org/seleniumhq/selenium/selenium-chrome-driver/3.141.59/selenium-chrome-driver-3.141.59.jar:/Users/devxschool/.m2/repository/org/seleniumhq/selenium/selenium-edge-driver/3.141.59/selenium-edge-driver-3.141.59.jar:/Users/devxschool/.m2/repository/org/seleniumhq/selenium/selenium-firefox-driver/3.141.59/selenium-firefox-driver-3.141.59.jar:/Users/devxschool/.m2/repository/org/seleniumhq/selenium/selenium-ie-driver/3.141.59/selenium-ie-driver-3.141.59.jar:/Users/devxschool/.m2/repository/org/seleniumhq/selenium/selenium-opera-driver/3.141.59/selenium-opera-driver-3.141.59.jar:/Users/devxschool/.m2/repository/org/seleniumhq/selenium/selenium-remote-driver/3.141.59/selenium-remote-driver-3.141.59.jar:/Users/devxschool/.m2/repository/org/seleniumhq/selenium/selenium-safari-driver/3.141.59/selenium-safari-driver-3.141.59.jar:/Users/devxschool/.m2/repository/org/seleniumhq/selenium/selenium-support/3.141.59/selenium-support-3.141.59.jar:/Users/devxschool/.m2/repository/net/bytebuddy/byte-buddy/1.8.15/byte-buddy-1.8.15.jar:/Users/devxschool/.m2/repository/org/apache/commons/commons-exec/1.3/commons-exec-1.3.jar:/Users/devxschool/.m2/repository/com/google/guava/guava/25.0-jre/guava-25.0-jre.jar:/Users/devxschool/.m2/repository/com/google/code/findbugs/jsr305/1.3.9/jsr305-1.3.9.jar:/Users/devxschool/.m2/repository/org/checkerframework/checker-compat-qual/2.0.0/checker-compat-qual-2.0.0.jar:/Users/devxschool/.m2/repository/com/google/errorprone/error_prone_annotations/2.1.3/error_prone_annotations-2.1.3.jar:/Users/devxschool/.m2/repository/com/google/j2objc/j2objc-annotations/1.1/j2objc-annotations-1.1.jar:/Users/devxschool/.m2/repository/org/codehaus/mojo/animal-sniffer-annotations/1.14/animal-sniffer-annotations-1.14.jar:/Users/devxschool/.m2/repository/com/squareup/okhttp3/okhttp/3.11.0/okhttp-3.11.0.jar:/Users/devxschool/.m2/repository/com/squareup/okio/okio/1.14.0/okio-1.14.0.jar:/Users/devxschool/.m2/repository/io/github/bonigarcia/webdrivermanager/3.7.1/webdrivermanager-3.7.1.jar:/Users/devxschool/.m2/repository/org/slf4j/slf4j-api/1.7.25/slf4j-api-1.7.25.jar:/Users/devxschool/.m2/repository/commons-io/commons-io/2.6/commons-io-2.6.jar:/Users/devxschool/.m2/repository/org/apache/commons/commons-lang3/3.8.1/commons-lang3-3.8.1.jar:/Users/devxschool/.m2/repository/org/apache/httpcomponents/httpclient/4.5.6/httpclient-4.5.6.jar:/Users/devxschool/.m2/repository/org/apache/httpcomponents/httpcore/4.4.10/httpcore-4.4.10.jar:/Users/devxschool/.m2/repository/commons-logging/commons-logging/1.2/commons-logging-1.2.jar:/Users/devxschool/.m2/repository/commons-codec/commons-codec/1.10/commons-codec-1.10.jar:/Users/devxschool/.m2/repository/org/rauschig/jarchivelib/1.0.0/jarchivelib-1.0.0.jar:/Users/devxschool/.m2/repository/org/apache/commons/commons-compress/1.18/commons-compress-1.18.jar:/Users/devxschool/.m2/repository/org/jsoup/jsoup/1.11.3/jsoup-1.11.3.jar:/Users/devxschool/.m2/repository/junit/junit/4.12/junit-4.12.jar:/Users/devxschool/.m2/repository/org/hamcrest/hamcrest-core/1.3/hamcrest-core-1.3.jar:/Users/devxschool/.m2/repository/com/github/javafaker/javafaker/1.0.1/javafaker-1.0.1.jar:/Users/devxschool/.m2/repository/org/yaml/snakeyaml/1.23/snakeyaml-1.23-android.jar:/Users/devxschool/.m2/repository/com/github/mifmif/generex/1.0.2/generex-1.0.2.jar:/Users/devxschool/.m2/repository/dk/brics/automaton/automaton/1.11-8/automaton-1.11-8.jar:/Users/devxschool/.m2/repository/info/cukes/cucumber-java/1.2.5/cucumber-java-1.2.5.jar:/Users/devxschool/.m2/repository/info/cukes/cucumber-junit/1.2.5/cucumber-junit-1.2.5.jar:/Users/devxschool/.m2/repository/info/cukes/cucumber-core/1.2.5/cucumber-core-1.2.5.jar:/Users/devxschool/.m2/repository/info/cukes/cucumber-html/0.2.3/cucumber-html-0.2.3.jar:/Users/devxschool/.m2/repository/info/cukes/cucumber-jvm-deps/1.0.5/cucumber-jvm-deps-1.0.5.jar:/Users/devxschool/.m2/repository/info/cukes/gherkin/2.12.2/gherkin-2.12.2.jar:/Users/devxschool/.m2/repository/io/rest-assured/rest-assured/3.3.0/rest-assured-3.3.0.jar:/Users/devxschool/.m2/repository/org/codehaus/groovy/groovy/2.4.15/groovy-2.4.15.jar:/Users/devxschool/.m2/repository/org/codehaus/groovy/groovy-xml/2.4.15/groovy-xml-2.4.15.jar:/Users/devxschool/.m2/repository/org/apache/httpcomponents/httpmime/4.5.3/httpmime-4.5.3.jar:/Users/devxschool/.m2/repository/org/hamcrest/hamcrest-library/1.3/hamcrest-library-1.3.jar:/Users/devxschool/.m2/repository/org/ccil/cowan/tagsoup/tagsoup/1.2.1/tagsoup-1.2.1.jar:/Users/devxschool/.m2/repository/io/rest-assured/json-path/3.3.0/json-path-3.3.0.jar:/Users/devxschool/.m2/repository/org/codehaus/groovy/groovy-json/2.4.15/groovy-json-2.4.15.jar:/Users/devxschool/.m2/repository/io/rest-assured/rest-assured-common/3.3.0/rest-assured-common-3.3.0.jar:/Users/devxschool/.m2/repository/io/rest-assured/xml-path/3.3.0/xml-path-3.3.0.jar:/Users/devxschool/.m2/repository/javax/xml/bind/jaxb-api/2.2.12/jaxb-api-2.2.12.jar:/Users/devxschool/.m2/repository/com/sun/xml/bind/jaxb-osgi/2.2.10/jaxb-osgi-2.2.10.jar:/Users/devxschool/.m2/repository/org/apache/sling/org.apache.sling.javax.activation/0.1.0/org.apache.sling.javax.activation-0.1.0.jar:/Users/devxschool/.m2/repository/javax/activation/activation/1.1.1/activation-1.1.1.jar:/Users/devxschool/.m2/repository/com/google/code/gson/gson/2.8.5/gson-2.8.5.jar:/Users/devxschool/.m2/repository/com/fasterxml/jackson/core/jackson-databind/2.10.1/jackson-databind-2.10.1.jar:/Users/devxschool/.m2/repository/com/fasterxml/jackson/core/jackson-annotations/2.10.1/jackson-annotations-2.10.1.jar:/Users/devxschool/.m2/repository/com/fasterxml/jackson/core/jackson-core/2.10.1/jackson-core-2.10.1.jar:/Users/devxschool/.m2/repository/org/apache/logging/log4j/log4j-api/2.13.0/log4j-api-2.13.0.jar:/Users/devxschool/.m2/repository/org/apache/logging/log4j/log4j-core/2.13.0/log4j-core-2.13.0.jar:"/>
    <property name="sun.cpu.endian" value="little"/>
    <property name="user.home" value="/Users/devxschool"/>
    <property name="user.language" value="en"/>
    <property name="java.specification.vendor" value="Oracle Corporation"/>
    <property name="java.home" value="/Library/Java/JavaVirtualMachines/jdk1.8.0_221.jdk/Contents/Home/jre"/>
    <property name="basedir" value="/Users/devxschool/UiApiFramework"/>
    <property name="file.separator" value="/"/>
    <property name="line.separator" value="&#10;"/>
    <property name="idea.version2019.2.4" value="true"/>
    <property name="java.vm.specification.vendor" value="Oracle Corporation"/>
    <property name="java.specification.name" value="Java Platform API Specification"/>
    <property name="java.awt.graphicsenv" value="sun.awt.CGraphicsEnvironment"/>
    <property name="surefire.real.class.path" value="/Users/devxschool/UiApiFramework/target/surefire/surefirebooter6218959181532293011.jar"/>
    <property name="sun.boot.class.path" value="/Library/Java/JavaVirtualMachines/jdk1.8.0_221.jdk/Contents/Home/jre/lib/resources.jar:/Library/Java/JavaVirtualMachines/jdk1.8.0_221.jdk/Contents/Home/jre/lib/rt.jar:/Library/Java/JavaVirtualMachines/jdk1.8.0_221.jdk/Contents/Home/jre/lib/sunrsasign.jar:/Library/Java/JavaVirtualMachines/jdk1.8.0_221.jdk/Contents/Home/jre/lib/jsse.jar:/Library/Java/JavaVirtualMachines/jdk1.8.0_221.jdk/Contents/Home/jre/lib/jce.jar:/Library/Java/JavaVirtualMachines/jdk1.8.0_221.jdk/Contents/Home/jre/lib/charsets.jar:/Library/Java/JavaVirtualMachines/jdk1.8.0_221.jdk/Contents/Home/jre/lib/jfr.jar:/Library/Java/JavaVirtualMachines/jdk1.8.0_221.jdk/Contents/Home/jre/classes"/>
    <property name="sun.management.compiler" value="HotSpot 64-Bit Tiered Compilers"/>
    <property name="ftp.nonProxyHosts" value="local|*.local|169.254/16|*.169.254/16"/>
    <property name="java.runtime.version" value="1.8.0_221-b11"/>
    <property name="user.name" value="alihan"/>
    <property name="path.separator" value=":"/>
    <property name="os.version" value="10.15.3"/>
    <property name="java.endorsed.dirs" value="/Library/Java/JavaVirtualMachines/jdk1.8.0_221.jdk/Contents/Home/jre/lib/endorsed"/>
    <property name="java.runtime.name" value="Java(TM) SE Runtime Environment"/>
    <property name="file.encoding" value="UTF-8"/>
    <property name="java.vm.name" value="Java HotSpot(TM) 64-Bit Server VM"/>
    <property name="localRepository" value="/Users/devxschool/.m2/repository"/>
    <property name="java.vendor.url.bug" value="http://bugreport.sun.com/bugreport/"/>
    <property name="java.io.tmpdir" value="/var/folders/1y/3mjqpsln4hsb3nm0wsvt88b00000gn/T/"/>
    <property name="java.version" value="1.8.0_221"/>
    <property name="user.dir" value="/Users/devxschool/UiApiFramework"/>
    <property name="os.arch" value="x86_64"/>
    <property name="java.vm.specification.name" value="Java Virtual Machine Specification"/>
    <property name="java.awt.printerjob" value="sun.lwawt.macosx.CPrinterJob"/>
    <property name="sun.os.patch.level" value="unknown"/>
    <property name="java.library.path" value="/Users/devxschool/Library/Java/Extensions:/Library/Java/Extensions:/Network/Library/Java/Extensions:/System/Library/Java/Extensions:/usr/lib/java:."/>
    <property name="java.vm.info" value="mixed mode"/>
    <property name="java.vendor" value="Oracle Corporation"/>
    <property name="java.vm.version" value="25.221-b11"/>
    <property name="java.ext.dirs" value="/Users/devxschool/Library/Java/Extensions:/Library/Java/JavaVirtualMachines/jdk1.8.0_221.jdk/Contents/Home/jre/lib/ext:/Library/Java/Extensions:/Network/Library/Java/Extensions:/System/Library/Java/Extensions:/usr/lib/java"/>
    <property name="sun.io.unicode.encoding" value="UnicodeBig"/>
    <property name="java.class.version" value="52.0"/>
    <property name="socksNonProxyHosts" value="local|*.local|169.254/16|*.169.254/16"/>
  </properties>
  <testcase name="Given base url &quot;https://gorest.co.in&quot;" classname="Scenario: Gorest Create Users" time="0.073"/>
  <testcase name="And set the headers" classname="Scenario: Gorest Create Users" time="0"/>
  <testcase name="When the following users are created" classname="Scenario: Gorest Create Users" time="0"/>
  <testcase name="Then verify that status code is &quot;201&quot;" classname="Scenario: Gorest Create Users" time="0"/>
  <testcase name="And the following user should be created" classname="Scenario: Gorest Create Users" time="0"/>
  <testcase name="Scenario: Gorest Create Users" classname="Scenario: Gorest Create Users" time="0"/>
</testsuite>